2024-10-18 21:27:22,878:INFO:enterprise accessed data overview.
2024-10-18 21:27:22,897:INFO:enterprise performed data quality check.
2024-10-18 21:27:23,285:INFO:enterprise performed exploratory data analysis.
2024-10-18 21:27:23,304:INFO:enterprise performed feature engineering.
2024-10-18 21:27:42,438:INFO:enterprise accessed data overview.
2024-10-18 21:27:42,448:INFO:enterprise performed data quality check.
2024-10-18 21:27:42,653:INFO:enterprise performed exploratory data analysis.
2024-10-18 21:27:42,669:INFO:enterprise performed feature engineering.
2024-10-18 21:27:49,363:INFO:enterprise accessed data overview.
2024-10-18 21:27:49,375:INFO:enterprise performed data quality check.
2024-10-18 21:27:49,403:INFO:enterprise performed exploratory data analysis.
2024-10-18 21:27:49,423:INFO:enterprise performed feature engineering.
2024-10-18 21:27:51,198:INFO:enterprise accessed data overview.
2024-10-18 21:27:51,209:INFO:enterprise performed data quality check.
2024-10-18 21:27:51,256:INFO:enterprise performed exploratory data analysis.
2024-10-18 21:27:51,273:INFO:enterprise performed feature engineering.
2024-10-18 21:27:53,842:INFO:enterprise accessed data overview.
2024-10-18 21:27:53,854:INFO:enterprise performed data quality check.
2024-10-18 21:27:53,979:INFO:enterprise performed exploratory data analysis.
2024-10-18 21:27:54,001:INFO:enterprise performed feature engineering.
2024-10-18 21:27:59,805:INFO:enterprise accessed data overview.
2024-10-18 21:27:59,814:INFO:enterprise performed data quality check.
2024-10-18 21:27:59,891:INFO:enterprise performed exploratory data analysis.
2024-10-18 21:27:59,930:INFO:enterprise performed feature engineering.
2024-10-18 21:28:02,783:INFO:enterprise accessed data overview.
2024-10-18 21:28:02,790:INFO:enterprise performed data quality check.
2024-10-18 21:28:02,884:INFO:enterprise performed exploratory data analysis.
2024-10-18 21:28:02,905:INFO:enterprise performed feature engineering.
2024-10-18 21:28:04,440:INFO:enterprise accessed data overview.
2024-10-18 21:28:04,453:INFO:enterprise performed data quality check.
2024-10-18 21:28:04,521:INFO:enterprise performed exploratory data analysis.
2024-10-18 21:28:04,535:INFO:enterprise performed feature engineering.
2024-10-18 21:28:06,073:INFO:enterprise accessed data overview.
2024-10-18 21:28:06,075:INFO:enterprise performed data quality check.
2024-10-18 21:28:06,158:INFO:enterprise performed exploratory data analysis.
2024-10-18 21:28:06,176:INFO:enterprise performed feature engineering.
2024-10-18 21:28:06,216:INFO:enterprise generated insights.
2024-10-18 21:28:18,818:INFO:enterprise accessed data overview.
2024-10-18 21:28:18,827:INFO:enterprise performed data quality check.
2024-10-18 21:28:18,901:INFO:enterprise performed exploratory data analysis.
2024-10-18 21:28:18,915:INFO:enterprise performed feature engineering.
2024-10-18 21:28:37,249:INFO:enterprise accessed data overview.
2024-10-18 21:28:37,258:INFO:enterprise performed data quality check.
2024-10-18 21:28:37,335:INFO:enterprise performed exploratory data analysis.
2024-10-18 21:28:37,360:INFO:enterprise performed feature engineering.
2024-10-18 21:28:40,029:INFO:enterprise accessed data overview.
2024-10-18 21:28:40,045:INFO:enterprise performed data quality check.
2024-10-18 21:28:40,130:INFO:enterprise performed exploratory data analysis.
2024-10-18 21:28:40,147:INFO:enterprise performed feature engineering.
2024-10-18 21:28:42,895:INFO:enterprise accessed data overview.
2024-10-18 21:28:42,906:INFO:enterprise performed data quality check.
2024-10-18 21:28:42,999:INFO:enterprise performed exploratory data analysis.
2024-10-18 21:28:43,015:INFO:enterprise performed feature engineering.
2024-10-18 21:29:15,581:INFO:enterprise accessed data overview.
2024-10-18 21:29:15,590:INFO:enterprise performed data quality check.
2024-10-18 21:29:15,620:INFO:enterprise performed exploratory data analysis.
2024-10-18 21:29:15,639:INFO:enterprise performed feature engineering.
2024-10-18 21:29:15,679:INFO:enterprise generated insights.
2024-10-18 21:29:20,156:INFO:enterprise accessed data overview.
2024-10-18 21:29:20,166:INFO:enterprise performed data quality check.
2024-10-18 21:29:20,188:INFO:enterprise performed exploratory data analysis.
2024-10-18 21:29:20,204:INFO:enterprise performed feature engineering.
2024-10-18 21:29:20,243:INFO:enterprise generated insights.
2024-10-18 21:29:25,350:INFO:enterprise accessed data overview.
2024-10-18 21:29:25,360:INFO:enterprise performed data quality check.
2024-10-18 21:29:25,386:INFO:enterprise performed exploratory data analysis.
2024-10-18 21:29:25,403:INFO:enterprise performed feature engineering.
2024-10-18 21:29:25,456:INFO:enterprise generated insights.
2024-10-18 21:29:28,319:INFO:enterprise accessed data overview.
2024-10-18 21:29:28,328:INFO:enterprise performed data quality check.
2024-10-18 21:29:28,356:INFO:enterprise performed exploratory data analysis.
2024-10-18 21:29:28,372:INFO:enterprise performed feature engineering.
2024-10-18 21:29:28,410:INFO:enterprise generated insights.
2024-10-18 21:29:30,086:INFO:enterprise accessed data overview.
2024-10-18 21:29:30,095:INFO:enterprise performed data quality check.
2024-10-18 21:29:30,125:INFO:enterprise performed exploratory data analysis.
2024-10-18 21:29:30,141:INFO:enterprise performed feature engineering.
2024-10-18 21:29:30,185:INFO:enterprise generated insights.
2024-10-18 21:31:13,649:INFO:enterprise accessed data overview.
2024-10-18 21:31:13,654:INFO:enterprise performed data quality check.
2024-10-18 21:31:13,690:INFO:enterprise performed exploratory data analysis.
2024-10-18 21:31:13,708:INFO:enterprise performed feature engineering.
2024-10-18 21:31:13,753:INFO:enterprise generated insights.
2024-10-18 21:31:17,088:INFO:enterprise accessed data overview.
2024-10-18 21:31:17,098:INFO:enterprise performed data quality check.
2024-10-18 21:31:17,124:INFO:enterprise performed exploratory data analysis.
2024-10-18 21:31:17,141:INFO:enterprise performed feature engineering.
2024-10-18 21:31:17,184:INFO:enterprise generated insights.
2024-10-18 21:31:20,644:INFO:enterprise accessed data overview.
2024-10-18 21:31:20,651:INFO:enterprise performed data quality check.
2024-10-18 21:31:20,680:INFO:enterprise performed exploratory data analysis.
2024-10-18 21:31:20,696:INFO:enterprise performed feature engineering.
2024-10-18 21:31:20,740:INFO:enterprise generated insights.
2024-10-18 21:31:22,814:INFO:enterprise accessed data overview.
2024-10-18 21:31:22,822:INFO:enterprise performed data quality check.
2024-10-18 21:31:22,848:INFO:enterprise performed exploratory data analysis.
2024-10-18 21:31:22,866:INFO:enterprise performed feature engineering.
2024-10-18 21:31:26,834:INFO:enterprise accessed data overview.
2024-10-18 21:31:26,843:INFO:enterprise performed data quality check.
2024-10-18 21:31:26,867:INFO:enterprise performed exploratory data analysis.
2024-10-18 21:31:26,884:INFO:enterprise performed feature engineering.
2024-10-18 21:31:26,927:INFO:enterprise generated insights.
2024-10-18 21:31:29,415:INFO:enterprise accessed data overview.
2024-10-18 21:31:29,422:INFO:enterprise performed data quality check.
2024-10-18 21:31:29,436:INFO:enterprise performed exploratory data analysis.
2024-10-18 21:31:29,452:INFO:enterprise performed feature engineering.
2024-10-18 21:32:19,627:INFO:enterprise trained models.
2024-10-18 21:32:19,699:INFO:enterprise generated insights.
2024-10-18 21:32:19,728:INFO:enterprise generated insights.
